2020.07.18 08:59:56 INFO  started: Metals version 0.9.2 in workspace 'C:\Users\samfs\Desktop\Projetos-Samuel\ClimateWorld' for client vscode.
2020.07.18 08:59:57 INFO  time: initialize in 0.6s
2020.07.18 10:17:03 INFO  shutting down Metals
2020.07.18 15:57:22 INFO  started: Metals version 0.9.2 in workspace 'C:\Users\samfs\Desktop\Projetos-Samuel\ClimateWorld' for client vscode.
2020.07.18 15:57:22 INFO  time: initialize in 0.59s
2020.07.18 15:57:24 INFO  skipping build import with status 'Requested'
2020.07.18 16:03:30 INFO  no build target: using presentation compiler with only scala-library
2020.07.18 16:03:36 WARN  no build target for: C:\Users\samfs\Desktop\Projetos-Samuel\ClimateWorld\src\main\scala\observatory\Visualization.scala
2020.07.18 16:04:01 WARN  code navigation does not work for the file 'C:\Users\samfs\Desktop\Projetos-Samuel\ClimateWorld\src\main\scala\observatory\Visualization.scala' because it doesn't belong to a build target.
2020.07.18 16:04:03 WARN  no build target for: C:\Users\samfs\Desktop\Projetos-Samuel\ClimateWorld\src\main\scala\observatory\Visualization.scala
2020.07.18 16:04:05 WARN  no build target for: C:\Users\samfs\Desktop\Projetos-Samuel\ClimateWorld\src\main\scala\observatory\models.scala
2020.07.18 16:04:13 WARN  code navigation does not work for the file 'C:\Users\samfs\Desktop\Projetos-Samuel\ClimateWorld\src\main\scala\observatory\models.scala' because it doesn't belong to a build target.
2020.07.18 16:04:14 WARN  no build target for: C:\Users\samfs\Desktop\Projetos-Samuel\ClimateWorld\src\main\scala\observatory\models.scala
2020.07.18 16:05:42 INFO  shutting down Metals
2020.07.19 08:41:19 INFO  started: Metals version 0.9.2 in workspace 'C:\Users\samfs\Desktop\Projetos-Samuel\ClimateWorld' for client vscode.
2020.07.19 08:41:19 INFO  time: initialize in 0.52s
2020.07.19 08:41:20 INFO  no build target: using presentation compiler with only scala-library
2020.07.19 08:41:20 INFO  skipping build import with status 'Requested'
2020.07.19 08:41:23 WARN  no build target for: C:\Users\samfs\Desktop\Projetos-Samuel\ClimateWorld\src\main\scala\observatory\Interaction.scala
2020.07.19 08:41:31 WARN  no build target for: C:\Users\samfs\Desktop\Projetos-Samuel\ClimateWorld\src\main\scala\observatory\models.scala
2020.07.19 08:41:39 WARN  no build target for: C:\Users\samfs\Desktop\Projetos-Samuel\ClimateWorld\src\main\scala\observatory\models.scala
2020.07.19 08:45:14 INFO  shutting down Metals
2020.07.20 07:51:31 INFO  started: Metals version 0.9.2 in workspace 'C:\Users\samfs\Desktop\Projetos-Samuel\ClimateWorld' for client vscode.
2020.07.20 07:51:31 INFO  time: initialize in 0.48s
2020.07.20 07:51:32 INFO  skipping build import with status 'Requested'
2020.07.20 07:53:52 INFO  shutting down Metals
2020.07.20 13:58:55 INFO  started: Metals version 0.9.2 in workspace 'C:\Users\samfs\Desktop\Projetos-Samuel\ClimateWorld' for client vscode.
2020.07.20 13:58:55 INFO  time: initialize in 0.51s
2020.07.20 13:58:56 INFO  skipping build import with status 'Requested'
2020.07.20 14:02:49 INFO  no build target: using presentation compiler with only scala-library
2020.07.20 14:02:51 WARN  no build target for: C:\Users\samfs\Desktop\Projetos-Samuel\ClimateWorld\src\main\scala\observatory\Manipulation.scala
2020.07.20 14:03:00 WARN  no build target for: C:\Users\samfs\Desktop\Projetos-Samuel\ClimateWorld\src\main\scala\observatory\Manipulation.scala
2020.07.20 14:03:08 INFO  shutting down Metals
